<?xml version="1.0" encoding="UTF-8"?>
<!-- Generated by org.testng.reporters.JUnitXMLReporter -->
<testsuite ignored="0" hostname="DESKTOP-KU7NGIP" failures="0" tests="1" name="Test2_Edge" time="45.281" errors="0" timestamp="2023-07-04T11:20:43 IST">
  <testcase classname="Module2_About_Test.Module2_About_Test" name="@AfterMethod Logout" time="17.624">
    <failure type="org.openqa.selenium.ElementNotInteractableException" message="element not interactable
  (Session info: MicrosoftEdge=114.0.1823.67)
Build info: version: &amp;apos;4.10.0&amp;apos;, revision: &amp;apos;c14d967899&amp;apos;
System info: os.name: &amp;apos;Windows 11&amp;apos;, os.arch: &amp;apos;amd64&amp;apos;, os.version: &amp;apos;10.0&amp;apos;, java.version: &amp;apos;11.0.18&amp;apos;
Driver info: org.openqa.selenium.edge.EdgeDriver
Command: [7b9c94cce90a45c4087cca6b4a2d37d9, clickElement {id=2C5638C4DA9F00C2A6F002B9B2492D99_element_20}]
Capabilities {acceptInsecureCerts: false, browserName: msedge, browserVersion: 114.0.1823.67, ms:edgeOptions: {debuggerAddress: localhost:61170}, msedge: {msedgedriverVersion: 114.0.1823.67 (3f1d7fbb324e..., userDataDir: C:\Users\Lenovo\AppData\Loc...}, networkConnectionEnabled: false, pageLoadStrategy: normal, platformName: windows, proxy: Proxy(), se:cdp: ws://localhost:61170/devtoo..., se:cdpVersion: 114.0.1823.67, setWindowRect: true, strictFileInteractability: false, timeouts: {implicit: 0, pageLoad: 300000, script: 30000}, unhandledPromptBehavior: dismiss and notify, webauthn:extension:credBlob: true, webauthn:extension:largeBlob: true, webauthn:extension:minPinLength: true, webauthn:extension:prf: true, webauthn:virtualAuthenticators: true}
Element: [[EdgeDriver: msedge on windows (7b9c94cce90a45c4087cca6b4a2d37d9)] -&amp;gt; xpath: //a[text()=&amp;apos;Logout&amp;apos;]]
Session ID: 7b9c94cce90a45c4087cca6b4a2d37d9">
      <![CDATA[org.openqa.selenium.ElementNotInteractableException: element not interactable
  (Session info: MicrosoftEdge=114.0.1823.67)
Build info: version: '4.10.0', revision: 'c14d967899'
System info: os.name: 'Windows 11', os.arch: 'amd64', os.version: '10.0', java.version: '11.0.18'
Driver info: org.openqa.selenium.edge.EdgeDriver
Command: [7b9c94cce90a45c4087cca6b4a2d37d9, clickElement {id=2C5638C4DA9F00C2A6F002B9B2492D99_element_20}]
Capabilities {acceptInsecureCerts: false, browserName: msedge, browserVersion: 114.0.1823.67, ms:edgeOptions: {debuggerAddress: localhost:61170}, msedge: {msedgedriverVersion: 114.0.1823.67 (3f1d7fbb324e..., userDataDir: C:\Users\Lenovo\AppData\Loc...}, networkConnectionEnabled: false, pageLoadStrategy: normal, platformName: windows, proxy: Proxy(), se:cdp: ws://localhost:61170/devtoo..., se:cdpVersion: 114.0.1823.67, setWindowRect: true, strictFileInteractability: false, timeouts: {implicit: 0, pageLoad: 300000, script: 30000}, unhandledPromptBehavior: dismiss and notify, webauthn:extension:credBlob: true, webauthn:extension:largeBlob: true, webauthn:extension:minPinLength: true, webauthn:extension:prf: true, webauthn:virtualAuthenticators: true}
Element: [[EdgeDriver: msedge on windows (7b9c94cce90a45c4087cca6b4a2d37d9)] -> xpath: //a[text()='Logout']]
Session ID: 7b9c94cce90a45c4087cca6b4a2d37d9
at org.openqa.selenium.remote.codec.w3c.W3CHttpResponseCodec.createException(W3CHttpResponseCodec.java:199)
at org.openqa.selenium.remote.codec.w3c.W3CHttpResponseCodec.decode(W3CHttpResponseCodec.java:132)
at org.openqa.selenium.remote.codec.w3c.W3CHttpResponseCodec.decode(W3CHttpResponseCodec.java:51)
at org.openqa.selenium.remote.HttpCommandExecutor.execute(HttpCommandExecutor.java:191)
at org.openqa.selenium.remote.service.DriverCommandExecutor.invokeExecute(DriverCommandExecutor.java:196)
at org.openqa.selenium.remote.service.DriverCommandExecutor.execute(DriverCommandExecutor.java:171)
at org.openqa.selenium.remote.RemoteWebDriver.execute(RemoteWebDriver.java:531)
at org.openqa.selenium.remote.RemoteWebElement.execute(RemoteWebElement.java:242)
at org.openqa.selenium.remote.RemoteWebElement.click(RemoteWebElement.java:77)
at org.openqa.selenium.support.pagefactory.internal.LocatingElementHandler.invoke(LocatingElementHandler.java:51)
at com.sun.proxy.$Proxy19.click(Unknown Source)
at Module1Login.SauceDemo_Open_MenuPage.clickSauceDemo_LogOutPageLogoutBtn(SauceDemo_Open_MenuPage.java:26)
at Module2_About_Test.Module2_About_Test.Logout(Module2_About_Test.java:81)
at java.base/java.util.ArrayList.forEach(ArrayList.java:1541)
at java.base/java.util.concurrent.FutureTask.run(FutureTask.java:264)
at java.base/java.util.concurrent.ThreadPoolExecutor.runWorker(ThreadPoolExecutor.java:1128)
at java.base/java.util.concurrent.ThreadPoolExecutor$Worker.run(ThreadPoolExecutor.java:628)
at java.base/java.lang.Thread.run(Thread.java:834)
... Removed 31 stack frames]]>
    </failure>
  </testcase> <!-- @AfterMethod Logout -->
  <testcase classname="Module2_About_Test.Module2_About_Test" name="@AfterClass closeBrowser" time="-1.688449843502E9">
    <skipped/>
  </testcase> <!-- @AfterClass closeBrowser -->
  <testcase classname="Module2_About_Test.Module2_About_Test" name="verifyText" time="20.283"/>
</testsuite> <!-- Test2_Edge -->
